<?xml version="1.0" encoding="UTF-8"?>
<testsuite xmlns:xsi="http://www.w3.org/2001/XMLSchema-instance" xsi:noNamespaceSchemaLocation="https://maven.apache.org/surefire/maven-surefire-plugin/xsd/surefire-test-report.xsd" name="com.sflpro.identity.core.services.permission.PermissionServiceImplTest" time="0.003" tests="0" errors="0" skipped="0" failures="0">
  <properties>
    <property name="gopherProxySet" value="false"/>
    <property name="awt.toolkit" value="sun.lwawt.macosx.LWCToolkit"/>
    <property name="java.specification.version" value="9"/>
    <property name="file.encoding.pkg" value="sun.io"/>
    <property name="sun.cpu.isalist" value=""/>
    <property name="sun.jnu.encoding" value="UTF-8"/>
    <property name="java.class.path" value="/Users/yervand/Workspace/identity/identity-core/identity-core-services-impl/target/test-classes:/Users/yervand/Workspace/identity/identity-core/identity-core-services-impl/target/classes:/Users/yervand/Workspace/identity/identity-core/identity-core-services/target/identity-core-services-0.0.1-SNAPSHOT.jar:/Users/yervand/Workspace/identity/identity-core/identity-core-datatypes/target/identity-core-datatypes-0.0.1-SNAPSHOT.jar:/Users/yervand/Workspace/identity/identity-core/identity-core-db-entities/target/identity-core-db-entities-0.0.1-SNAPSHOT.jar:/Users/yervand/.m2/repository/org/springframework/boot/spring-boot-starter-data-jpa/2.0.0.M6/spring-boot-starter-data-jpa-2.0.0.M6.jar:/Users/yervand/.m2/repository/org/springframework/boot/spring-boot-starter/2.0.0.M6/spring-boot-starter-2.0.0.M6.jar:/Users/yervand/.m2/repository/org/springframework/boot/spring-boot/2.0.0.M6/spring-boot-2.0.0.M6.jar:/Users/yervand/.m2/repository/org/springframework/boot/spring-boot-autoconfigure/2.0.0.M6/spring-boot-autoconfigure-2.0.0.M6.jar:/Users/yervand/.m2/repository/org/springframework/boot/spring-boot-starter-logging/2.0.0.M6/spring-boot-starter-logging-2.0.0.M6.jar:/Users/yervand/.m2/repository/ch/qos/logback/logback-classic/1.2.3/logback-classic-1.2.3.jar:/Users/yervand/.m2/repository/ch/qos/logback/logback-core/1.2.3/logback-core-1.2.3.jar:/Users/yervand/.m2/repository/org/apache/logging/log4j/log4j-to-slf4j/2.9.1/log4j-to-slf4j-2.9.1.jar:/Users/yervand/.m2/repository/org/apache/logging/log4j/log4j-api/2.9.1/log4j-api-2.9.1.jar:/Users/yervand/.m2/repository/org/slf4j/jul-to-slf4j/1.7.25/jul-to-slf4j-1.7.25.jar:/Users/yervand/.m2/repository/org/slf4j/log4j-over-slf4j/1.7.25/log4j-over-slf4j-1.7.25.jar:/Users/yervand/.m2/repository/javax/annotation/javax.annotation-api/1.3.1/javax.annotation-api-1.3.1.jar:/Users/yervand/.m2/repository/org/springframework/spring-core/5.0.1.RELEASE/spring-core-5.0.1.RELEASE.jar:/Users/yervand/.m2/repository/org/springframework/spring-jcl/5.0.1.RELEASE/spring-jcl-5.0.1.RELEASE.jar:/Users/yervand/.m2/repository/org/yaml/snakeyaml/1.19/snakeyaml-1.19.jar:/Users/yervand/.m2/repository/org/springframework/boot/spring-boot-starter-aop/2.0.0.M6/spring-boot-starter-aop-2.0.0.M6.jar:/Users/yervand/.m2/repository/org/springframework/spring-aop/5.0.1.RELEASE/spring-aop-5.0.1.RELEASE.jar:/Users/yervand/.m2/repository/org/aspectj/aspectjweaver/1.8.12/aspectjweaver-1.8.12.jar:/Users/yervand/.m2/repository/org/springframework/boot/spring-boot-starter-jdbc/2.0.0.M6/spring-boot-starter-jdbc-2.0.0.M6.jar:/Users/yervand/.m2/repository/org/springframework/spring-jdbc/5.0.1.RELEASE/spring-jdbc-5.0.1.RELEASE.jar:/Users/yervand/.m2/repository/javax/transaction/javax.transaction-api/1.2/javax.transaction-api-1.2.jar:/Users/yervand/.m2/repository/org/springframework/data/spring-data-jpa/2.0.1.RELEASE/spring-data-jpa-2.0.1.RELEASE.jar:/Users/yervand/.m2/repository/org/springframework/data/spring-data-commons/2.0.1.RELEASE/spring-data-commons-2.0.1.RELEASE.jar:/Users/yervand/.m2/repository/org/springframework/spring-orm/5.0.1.RELEASE/spring-orm-5.0.1.RELEASE.jar:/Users/yervand/.m2/repository/org/springframework/spring-context/5.0.1.RELEASE/spring-context-5.0.1.RELEASE.jar:/Users/yervand/.m2/repository/org/springframework/spring-expression/5.0.1.RELEASE/spring-expression-5.0.1.RELEASE.jar:/Users/yervand/.m2/repository/org/springframework/spring-tx/5.0.1.RELEASE/spring-tx-5.0.1.RELEASE.jar:/Users/yervand/.m2/repository/org/springframework/spring-beans/5.0.1.RELEASE/spring-beans-5.0.1.RELEASE.jar:/Users/yervand/.m2/repository/org/springframework/spring-aspects/5.0.1.RELEASE/spring-aspects-5.0.1.RELEASE.jar:/Users/yervand/.m2/repository/org/hibernate/validator/hibernate-validator/6.0.4.Final/hibernate-validator-6.0.4.Final.jar:/Users/yervand/.m2/repository/javax/validation/validation-api/2.0.0.Final/validation-api-2.0.0.Final.jar:/Users/yervand/.m2/repository/org/apache/commons/commons-lang3/3.7/commons-lang3-3.7.jar:/Users/yervand/Workspace/identity/identity-core/identity-core-db-repositories/target/identity-core-db-repositories-0.0.1-SNAPSHOT.jar:/Users/yervand/.m2/repository/org/hibernate/hibernate-entitymanager/5.2.12.Final/hibernate-entitymanager-5.2.12.Final.jar:/Users/yervand/.m2/repository/org/jboss/logging/jboss-logging/3.3.1.Final/jboss-logging-3.3.1.Final.jar:/Users/yervand/.m2/repository/dom4j/dom4j/1.6.1/dom4j-1.6.1.jar:/Users/yervand/.m2/repository/org/hibernate/common/hibernate-commons-annotations/5.0.1.Final/hibernate-commons-annotations-5.0.1.Final.jar:/Users/yervand/.m2/repository/org/hibernate/javax/persistence/hibernate-jpa-2.1-api/1.0.0.Final/hibernate-jpa-2.1-api-1.0.0.Final.jar:/Users/yervand/.m2/repository/org/javassist/javassist/3.22.0-CR2/javassist-3.22.0-CR2.jar:/Users/yervand/.m2/repository/net/bytebuddy/byte-buddy/1.7.8/byte-buddy-1.7.8.jar:/Users/yervand/.m2/repository/org/jboss/spec/javax/transaction/jboss-transaction-api_1.2_spec/1.0.1.Final/jboss-transaction-api_1.2_spec-1.0.1.Final.jar:/Users/yervand/.m2/repository/org/hibernate/hibernate-jcache/5.2.12.Final/hibernate-jcache-5.2.12.Final.jar:/Users/yervand/.m2/repository/javax/cache/cache-api/1.0.0/cache-api-1.0.0.jar:/Users/yervand/.m2/repository/com/zaxxer/HikariCP/2.7.3/HikariCP-2.7.3.jar:/Users/yervand/.m2/repository/org/slf4j/slf4j-api/1.7.25/slf4j-api-1.7.25.jar:/Users/yervand/.m2/repository/org/hibernate/hibernate-core/5.2.12.Final/hibernate-core-5.2.12.Final.jar:/Users/yervand/.m2/repository/antlr/antlr/2.7.7/antlr-2.7.7.jar:/Users/yervand/.m2/repository/org/jboss/jandex/2.0.3.Final/jandex-2.0.3.Final.jar:/Users/yervand/.m2/repository/com/fasterxml/classmate/1.3.4/classmate-1.3.4.jar:/Users/yervand/.m2/repository/org/hibernate/hibernate-java8/5.2.12.Final/hibernate-java8-5.2.12.Final.jar:/Users/yervand/.m2/repository/org/ehcache/ehcache/3.4.0/ehcache-3.4.0.jar:/Users/yervand/.m2/repository/org/flywaydb/flyway-core/4.2.0/flyway-core-4.2.0.jar:/Users/yervand/.m2/repository/org/postgresql/postgresql/42.1.4/postgresql-42.1.4.jar:/Users/yervand/.m2/repository/org/mindrot/jbcrypt/0.4/jbcrypt-0.4.jar:"/>
    <property name="java.vm.vendor" value="Oracle Corporation"/>
    <property name="sun.arch.data.model" value="64"/>
    <property name="java.vendor.url" value="http://java.oracle.com/"/>
    <property name="user.timezone" value=""/>
    <property name="java.vm.specification.version" value="9"/>
    <property name="os.name" value="Mac OS X"/>
    <property name="sun.java.launcher" value="SUN_STANDARD"/>
    <property name="user.country" value="AM"/>
    <property name="sun.boot.library.path" value="/Library/Java/JavaVirtualMachines/jdk-9.0.1.jdk/Contents/Home/lib"/>
    <property name="sun.java.command" value="/Users/yervand/Workspace/identity/identity-core/identity-core-services-impl/target/surefire/surefirebooter8412009612200691150.jar /Users/yervand/Workspace/identity/identity-core/identity-core-services-impl/target/surefire 2017-12-12T13-55-45_742-jvmRun1 surefire4779266609030664483tmp surefire_015878424524068701354tmp"/>
    <property name="http.nonProxyHosts" value="local|*.local|169.254/16|*.169.254/16"/>
    <property name="jdk.debug" value="release"/>
    <property name="surefire.test.class.path" value="/Users/yervand/Workspace/identity/identity-core/identity-core-services-impl/target/test-classes:/Users/yervand/Workspace/identity/identity-core/identity-core-services-impl/target/classes:/Users/yervand/Workspace/identity/identity-core/identity-core-services/target/identity-core-services-0.0.1-SNAPSHOT.jar:/Users/yervand/Workspace/identity/identity-core/identity-core-datatypes/target/identity-core-datatypes-0.0.1-SNAPSHOT.jar:/Users/yervand/Workspace/identity/identity-core/identity-core-db-entities/target/identity-core-db-entities-0.0.1-SNAPSHOT.jar:/Users/yervand/.m2/repository/org/springframework/boot/spring-boot-starter-data-jpa/2.0.0.M6/spring-boot-starter-data-jpa-2.0.0.M6.jar:/Users/yervand/.m2/repository/org/springframework/boot/spring-boot-starter/2.0.0.M6/spring-boot-starter-2.0.0.M6.jar:/Users/yervand/.m2/repository/org/springframework/boot/spring-boot/2.0.0.M6/spring-boot-2.0.0.M6.jar:/Users/yervand/.m2/repository/org/springframework/boot/spring-boot-autoconfigure/2.0.0.M6/spring-boot-autoconfigure-2.0.0.M6.jar:/Users/yervand/.m2/repository/org/springframework/boot/spring-boot-starter-logging/2.0.0.M6/spring-boot-starter-logging-2.0.0.M6.jar:/Users/yervand/.m2/repository/ch/qos/logback/logback-classic/1.2.3/logback-classic-1.2.3.jar:/Users/yervand/.m2/repository/ch/qos/logback/logback-core/1.2.3/logback-core-1.2.3.jar:/Users/yervand/.m2/repository/org/apache/logging/log4j/log4j-to-slf4j/2.9.1/log4j-to-slf4j-2.9.1.jar:/Users/yervand/.m2/repository/org/apache/logging/log4j/log4j-api/2.9.1/log4j-api-2.9.1.jar:/Users/yervand/.m2/repository/org/slf4j/jul-to-slf4j/1.7.25/jul-to-slf4j-1.7.25.jar:/Users/yervand/.m2/repository/org/slf4j/log4j-over-slf4j/1.7.25/log4j-over-slf4j-1.7.25.jar:/Users/yervand/.m2/repository/javax/annotation/javax.annotation-api/1.3.1/javax.annotation-api-1.3.1.jar:/Users/yervand/.m2/repository/org/springframework/spring-core/5.0.1.RELEASE/spring-core-5.0.1.RELEASE.jar:/Users/yervand/.m2/repository/org/springframework/spring-jcl/5.0.1.RELEASE/spring-jcl-5.0.1.RELEASE.jar:/Users/yervand/.m2/repository/org/yaml/snakeyaml/1.19/snakeyaml-1.19.jar:/Users/yervand/.m2/repository/org/springframework/boot/spring-boot-starter-aop/2.0.0.M6/spring-boot-starter-aop-2.0.0.M6.jar:/Users/yervand/.m2/repository/org/springframework/spring-aop/5.0.1.RELEASE/spring-aop-5.0.1.RELEASE.jar:/Users/yervand/.m2/repository/org/aspectj/aspectjweaver/1.8.12/aspectjweaver-1.8.12.jar:/Users/yervand/.m2/repository/org/springframework/boot/spring-boot-starter-jdbc/2.0.0.M6/spring-boot-starter-jdbc-2.0.0.M6.jar:/Users/yervand/.m2/repository/org/springframework/spring-jdbc/5.0.1.RELEASE/spring-jdbc-5.0.1.RELEASE.jar:/Users/yervand/.m2/repository/javax/transaction/javax.transaction-api/1.2/javax.transaction-api-1.2.jar:/Users/yervand/.m2/repository/org/springframework/data/spring-data-jpa/2.0.1.RELEASE/spring-data-jpa-2.0.1.RELEASE.jar:/Users/yervand/.m2/repository/org/springframework/data/spring-data-commons/2.0.1.RELEASE/spring-data-commons-2.0.1.RELEASE.jar:/Users/yervand/.m2/repository/org/springframework/spring-orm/5.0.1.RELEASE/spring-orm-5.0.1.RELEASE.jar:/Users/yervand/.m2/repository/org/springframework/spring-context/5.0.1.RELEASE/spring-context-5.0.1.RELEASE.jar:/Users/yervand/.m2/repository/org/springframework/spring-expression/5.0.1.RELEASE/spring-expression-5.0.1.RELEASE.jar:/Users/yervand/.m2/repository/org/springframework/spring-tx/5.0.1.RELEASE/spring-tx-5.0.1.RELEASE.jar:/Users/yervand/.m2/repository/org/springframework/spring-beans/5.0.1.RELEASE/spring-beans-5.0.1.RELEASE.jar:/Users/yervand/.m2/repository/org/springframework/spring-aspects/5.0.1.RELEASE/spring-aspects-5.0.1.RELEASE.jar:/Users/yervand/.m2/repository/org/hibernate/validator/hibernate-validator/6.0.4.Final/hibernate-validator-6.0.4.Final.jar:/Users/yervand/.m2/repository/javax/validation/validation-api/2.0.0.Final/validation-api-2.0.0.Final.jar:/Users/yervand/.m2/repository/org/apache/commons/commons-lang3/3.7/commons-lang3-3.7.jar:/Users/yervand/Workspace/identity/identity-core/identity-core-db-repositories/target/identity-core-db-repositories-0.0.1-SNAPSHOT.jar:/Users/yervand/.m2/repository/org/hibernate/hibernate-entitymanager/5.2.12.Final/hibernate-entitymanager-5.2.12.Final.jar:/Users/yervand/.m2/repository/org/jboss/logging/jboss-logging/3.3.1.Final/jboss-logging-3.3.1.Final.jar:/Users/yervand/.m2/repository/dom4j/dom4j/1.6.1/dom4j-1.6.1.jar:/Users/yervand/.m2/repository/org/hibernate/common/hibernate-commons-annotations/5.0.1.Final/hibernate-commons-annotations-5.0.1.Final.jar:/Users/yervand/.m2/repository/org/hibernate/javax/persistence/hibernate-jpa-2.1-api/1.0.0.Final/hibernate-jpa-2.1-api-1.0.0.Final.jar:/Users/yervand/.m2/repository/org/javassist/javassist/3.22.0-CR2/javassist-3.22.0-CR2.jar:/Users/yervand/.m2/repository/net/bytebuddy/byte-buddy/1.7.8/byte-buddy-1.7.8.jar:/Users/yervand/.m2/repository/org/jboss/spec/javax/transaction/jboss-transaction-api_1.2_spec/1.0.1.Final/jboss-transaction-api_1.2_spec-1.0.1.Final.jar:/Users/yervand/.m2/repository/org/hibernate/hibernate-jcache/5.2.12.Final/hibernate-jcache-5.2.12.Final.jar:/Users/yervand/.m2/repository/javax/cache/cache-api/1.0.0/cache-api-1.0.0.jar:/Users/yervand/.m2/repository/com/zaxxer/HikariCP/2.7.3/HikariCP-2.7.3.jar:/Users/yervand/.m2/repository/org/slf4j/slf4j-api/1.7.25/slf4j-api-1.7.25.jar:/Users/yervand/.m2/repository/org/hibernate/hibernate-core/5.2.12.Final/hibernate-core-5.2.12.Final.jar:/Users/yervand/.m2/repository/antlr/antlr/2.7.7/antlr-2.7.7.jar:/Users/yervand/.m2/repository/org/jboss/jandex/2.0.3.Final/jandex-2.0.3.Final.jar:/Users/yervand/.m2/repository/com/fasterxml/classmate/1.3.4/classmate-1.3.4.jar:/Users/yervand/.m2/repository/org/hibernate/hibernate-java8/5.2.12.Final/hibernate-java8-5.2.12.Final.jar:/Users/yervand/.m2/repository/org/ehcache/ehcache/3.4.0/ehcache-3.4.0.jar:/Users/yervand/.m2/repository/org/flywaydb/flyway-core/4.2.0/flyway-core-4.2.0.jar:/Users/yervand/.m2/repository/org/postgresql/postgresql/42.1.4/postgresql-42.1.4.jar:/Users/yervand/.m2/repository/org/mindrot/jbcrypt/0.4/jbcrypt-0.4.jar:"/>
    <property name="sun.cpu.endian" value="little"/>
    <property name="user.home" value="/Users/yervand"/>
    <property name="user.language" value="en"/>
    <property name="java.specification.vendor" value="Oracle Corporation"/>
    <property name="java.home" value="/Library/Java/JavaVirtualMachines/jdk-9.0.1.jdk/Contents/Home"/>
    <property name="file.separator" value="/"/>
    <property name="basedir" value="/Users/yervand/Workspace/identity/identity-core/identity-core-services-impl"/>
    <property name="java.vm.compressedOopsMode" value="Zero based"/>
    <property name="line.separator" value="&#10;"/>
    <property name="java.specification.name" value="Java Platform API Specification"/>
    <property name="java.vm.specification.vendor" value="Oracle Corporation"/>
    <property name="java.awt.graphicsenv" value="sun.awt.CGraphicsEnvironment"/>
    <property name="surefire.real.class.path" value="/Users/yervand/Workspace/identity/identity-core/identity-core-services-impl/target/surefire/surefirebooter8412009612200691150.jar"/>
    <property name="sun.management.compiler" value="HotSpot 64-Bit Tiered Compilers"/>
    <property name="ftp.nonProxyHosts" value="local|*.local|169.254/16|*.169.254/16"/>
    <property name="java.runtime.version" value="9.0.1+11"/>
    <property name="user.name" value="yervand"/>
    <property name="path.separator" value=":"/>
    <property name="os.version" value="10.13.1"/>
    <property name="java.runtime.name" value="Java(TM) SE Runtime Environment"/>
    <property name="file.encoding" value="UTF-8"/>
    <property name="java.vm.name" value="Java HotSpot(TM) 64-Bit Server VM"/>
    <property name="localRepository" value="/Users/yervand/.m2/repository"/>
    <property name="java.vendor.url.bug" value="http://bugreport.java.com/bugreport/"/>
    <property name="java.io.tmpdir" value="/var/folders/vj/nhn9x35j0b97myh4nk22719r0000gp/T/"/>
    <property name="java.version" value="9.0.1"/>
    <property name="user.dir" value="/Users/yervand/Workspace/identity/identity-core/identity-core-services-impl"/>
    <property name="os.arch" value="x86_64"/>
    <property name="java.vm.specification.name" value="Java Virtual Machine Specification"/>
    <property name="java.awt.printerjob" value="sun.lwawt.macosx.CPrinterJob"/>
    <property name="sun.os.patch.level" value="unknown"/>
    <property name="java.library.path" value="/Users/yervand/Library/Java/Extensions:/Library/Java/Extensions:/Network/Library/Java/Extensions:/System/Library/Java/Extensions:/usr/lib/java:."/>
    <property name="java.vm.info" value="mixed mode"/>
    <property name="java.vendor" value="Oracle Corporation"/>
    <property name="java.vm.version" value="9.0.1+11"/>
    <property name="sun.io.unicode.encoding" value="UnicodeBig"/>
    <property name="java.class.version" value="53.0"/>
    <property name="socksNonProxyHosts" value="local|*.local|169.254/16|*.169.254/16"/>
  </properties>
</testsuite>